<?xml version="1.0" encoding="UTF-8"?>
<!-- Generated by org.testng.reporters.JUnitXMLReporter -->
<testsuite hostname="BAN-RAOPW10" name="Default test" tests="9" failures="0" timestamp="13 May 2018 11:45:24 GMT" time="662.675" errors="0">
  <testcase name="contactsTest" time="0.241" classname="com.qa.freecrm.testcases.ContactsPageTest"/>
  <testcase name="newContactTest" time="5.386" classname="com.qa.freecrm.testcases.ContactsPageTest"/>
  <testcase name="selecthardcodedlecontactTest" time="4.179" classname="com.qa.freecrm.testcases.ContactsPageTest"/>
  <testcase name="selectdynamiclecontactTest" time="4.366" classname="com.qa.freecrm.testcases.ContactsPageTest"/>
  <testcase name="createNewContacthcTest" time="28.163" classname="com.qa.freecrm.testcases.ContactsPageTest"/>
  <testcase name="createNewContactdynTest" time="37.962" classname="com.qa.freecrm.testcases.ContactsPageTest"/>
  <testcase name="createContactsFromExcel" time="11.377" classname="com.qa.freecrm.testcases.ContactsPageTest"/>
  <testcase name="createContactsFromExcel" time="13.792" classname="com.qa.freecrm.testcases.ContactsPageTest"/>
  <testcase name="createContactsFromExcel" time="8.981" classname="com.qa.freecrm.testcases.ContactsPageTest"/>
</testsuite> <!-- Default test -->
