<?xml version="1.0" encoding="UTF-8"?>
<testng-results skipped="7" failed="1" total="18" passed="10">
  <reporter-output>
  </reporter-output>
  <suite name="Suite" duration-ms="1441802" started-at="2018-05-14T10:24:23Z" finished-at="2018-05-14T10:48:24Z">
    <groups>
    </groups>
    <test name="Test" duration-ms="1441802" started-at="2018-05-14T10:24:23Z" finished-at="2018-05-14T10:48:24Z">
      <class name="com.qa.freecrm.testcases.ContactsPageTest">
        <test-method status="PASS" signature="setUp()[pri:0, instance:com.qa.freecrm.testcases.ContactsPageTest@6a4f787b]" name="setUp" is-config="true" duration-ms="509347" started-at="2018-05-14T16:00:36Z" finished-at="2018-05-14T16:09:05Z">
          <reporter-output>
          </reporter-output>
        </test-method> <!-- setUp -->
        <test-method status="PASS" signature="contactsTest()[pri:0, instance:com.qa.freecrm.testcases.ContactsPageTest@6a4f787b]" name="contactsTest" duration-ms="206" started-at="2018-05-14T16:09:05Z" finished-at="2018-05-14T16:09:05Z">
          <reporter-output>
          </reporter-output>
        </test-method> <!-- contactsTest -->
        <test-method status="PASS" signature="tearDown()[pri:0, instance:com.qa.freecrm.testcases.ContactsPageTest@6a4f787b]" name="tearDown" is-config="true" duration-ms="788" started-at="2018-05-14T16:09:05Z" finished-at="2018-05-14T16:09:06Z">
          <reporter-output>
          </reporter-output>
        </test-method> <!-- tearDown -->
        <test-method status="PASS" signature="setUp()[pri:0, instance:com.qa.freecrm.testcases.ContactsPageTest@6a4f787b]" name="setUp" is-config="true" duration-ms="112650" started-at="2018-05-14T16:09:06Z" finished-at="2018-05-14T16:10:59Z">
          <reporter-output>
          </reporter-output>
        </test-method> <!-- setUp -->
        <test-method status="FAIL" signature="newContactTest()[pri:0, instance:com.qa.freecrm.testcases.ContactsPageTest@6a4f787b]" name="newContactTest" duration-ms="9343" started-at="2018-05-14T16:10:59Z" finished-at="2018-05-14T16:11:08Z">
          <exception class="java.lang.NullPointerException">
            <full-stacktrace>
              <![CDATA[java.lang.NullPointerException
	at org.openqa.selenium.support.events.EventFiringWebDriver.extractInterfaces(EventFiringWebDriver.java:118)
	at org.openqa.selenium.support.events.EventFiringWebDriver.access$300(EventFiringWebDriver.java:67)
	at org.openqa.selenium.support.events.EventFiringWebDriver$EventFiringWebElement.<init>(EventFiringWebDriver.java:362)
	at org.openqa.selenium.support.events.EventFiringWebDriver$EventFiringWebElement.<init>(EventFiringWebDriver.java:354)
	at org.openqa.selenium.support.events.EventFiringWebDriver.createWebElement(EventFiringWebDriver.java:305)
	at org.openqa.selenium.support.events.EventFiringWebDriver.findElement(EventFiringWebDriver.java:188)
	at org.openqa.selenium.support.pagefactory.DefaultElementLocator.findElement(DefaultElementLocator.java:69)
	at org.openqa.selenium.support.pagefactory.internal.LocatingElementHandler.invoke(LocatingElementHandler.java:38)
	at com.sun.proxy.$Proxy12.isEnabled(Unknown Source)
	at com.qa.freecrm.pages.ContactsPage.validatenewcontact(ContactsPage.java:46)
	at com.qa.freecrm.testcases.ContactsPageTest.newContactTest(ContactsPageTest.java:49)
	at sun.reflect.NativeMethodAccessorImpl.invoke0(Native Method)
	at sun.reflect.NativeMethodAccessorImpl.invoke(Unknown Source)
	at sun.reflect.DelegatingMethodAccessorImpl.invoke(Unknown Source)
	at java.lang.reflect.Method.invoke(Unknown Source)
	at org.testng.internal.MethodInvocationHelper.invokeMethod(MethodInvocationHelper.java:80)
	at org.testng.internal.Invoker.invokeMethod(Invoker.java:714)
	at org.testng.internal.Invoker.invokeTestMethod(Invoker.java:901)
	at org.testng.internal.Invoker.invokeTestMethods(Invoker.java:1231)
	at org.testng.internal.TestMethodWorker.invokeTestMethods(TestMethodWorker.java:127)
	at org.testng.internal.TestMethodWorker.run(TestMethodWorker.java:111)
	at org.testng.TestRunner.privateRun(TestRunner.java:767)
	at org.testng.TestRunner.run(TestRunner.java:617)
	at org.testng.SuiteRunner.runTest(SuiteRunner.java:334)
	at org.testng.SuiteRunner.runSequentially(SuiteRunner.java:329)
	at org.testng.SuiteRunner.privateRun(SuiteRunner.java:291)
	at org.testng.SuiteRunner.run(SuiteRunner.java:240)
	at org.testng.SuiteRunnerWorker.runSuite(SuiteRunnerWorker.java:52)
	at org.testng.SuiteRunnerWorker.run(SuiteRunnerWorker.java:86)
	at org.testng.TestNG.runSuitesSequentially(TestNG.java:1198)
	at org.testng.TestNG.runSuitesLocally(TestNG.java:1123)
	at org.testng.TestNG.run(TestNG.java:1031)
	at org.testng.remote.AbstractRemoteTestNG.run(AbstractRemoteTestNG.java:114)
	at org.testng.remote.RemoteTestNG.initAndRun(RemoteTestNG.java:251)
	at org.testng.remote.RemoteTestNG.main(RemoteTestNG.java:77)
]]>
            </full-stacktrace>
          </exception> <!-- java.lang.NullPointerException -->
          <reporter-output>
          </reporter-output>
        </test-method> <!-- newContactTest -->
        <test-method status="PASS" signature="tearDown()[pri:0, instance:com.qa.freecrm.testcases.ContactsPageTest@6a4f787b]" name="tearDown" is-config="true" duration-ms="876" started-at="2018-05-14T16:11:08Z" finished-at="2018-05-14T16:11:09Z">
          <reporter-output>
          </reporter-output>
        </test-method> <!-- tearDown -->
        <test-method status="FAIL" signature="setUp()[pri:0, instance:com.qa.freecrm.testcases.ContactsPageTest@6a4f787b]" name="setUp" is-config="true" duration-ms="0" started-at="2018-05-14T16:11:09Z" finished-at="2018-05-14T16:11:09Z">
          <exception class="org.openqa.selenium.WebDriverException">
            <message>
              <![CDATA[chrome not reachable
  (Session info: chrome=66.0.3359.139)
  (Driver info: chromedriver=2.36.540470 (e522d04694c7ebea4ba8821272dbef4f9b818c91),platform=Windows NT 10.0.14393 x86_64) (WARNING: The server did not provide any stacktrace information)
Command duration or timeout: 0 milliseconds
Build info: version: '3.11.0', revision: 'e59cfb3', time: '2018-03-11T20:26:55.152Z'
System info: host: 'BAN-RAOPW10', ip: '192.168.0.176', os.name: 'Windows 10', os.arch: 'amd64', os.version: '10.0', java.version: '1.8.0_131'
Driver info: org.openqa.selenium.chrome.ChromeDriver
Capabilities {acceptInsecureCerts: false, acceptSslCerts: false, applicationCacheEnabled: false, browserConnectionEnabled: false, browserName: chrome, chrome: {chromedriverVersion: 2.36.540470 (e522d04694c7eb..., userDataDir: C:\Users\raop\AppData\Local...}, cssSelectorsEnabled: true, databaseEnabled: false, handlesAlerts: true, hasTouchScreen: false, javascriptEnabled: true, locationContextEnabled: true, mobileEmulationEnabled: false, nativeEvents: true, networkConnectionEnabled: false, pageLoadStrategy: normal, platform: XP, platformName: XP, rotatable: false, setWindowRect: true, takesHeapSnapshot: true, takesScreenshot: true, unexpectedAlertBehaviour: , unhandledPromptBehavior: , version: 66.0.3359.139, webStorageEnabled: true}
Session ID: aedc0ad8bf81620db8b856b37b8b6a99
*** Element info: {Using=css selector, value=frame[name='mainpanel'],iframe[name='mainpanel']}]]>
            </message>
            <full-stacktrace>
              <![CDATA[org.openqa.selenium.WebDriverException: chrome not reachable
  (Session info: chrome=66.0.3359.139)
  (Driver info: chromedriver=2.36.540470 (e522d04694c7ebea4ba8821272dbef4f9b818c91),platform=Windows NT 10.0.14393 x86_64) (WARNING: The server did not provide any stacktrace information)
Command duration or timeout: 0 milliseconds
Build info: version: '3.11.0', revision: 'e59cfb3', time: '2018-03-11T20:26:55.152Z'
System info: host: 'BAN-RAOPW10', ip: '192.168.0.176', os.name: 'Windows 10', os.arch: 'amd64', os.version: '10.0', java.version: '1.8.0_131'
Driver info: org.openqa.selenium.chrome.ChromeDriver
Capabilities {acceptInsecureCerts: false, acceptSslCerts: false, applicationCacheEnabled: false, browserConnectionEnabled: false, browserName: chrome, chrome: {chromedriverVersion: 2.36.540470 (e522d04694c7eb..., userDataDir: C:\Users\raop\AppData\Local...}, cssSelectorsEnabled: true, databaseEnabled: false, handlesAlerts: true, hasTouchScreen: false, javascriptEnabled: true, locationContextEnabled: true, mobileEmulationEnabled: false, nativeEvents: true, networkConnectionEnabled: false, pageLoadStrategy: normal, platform: XP, platformName: XP, rotatable: false, setWindowRect: true, takesHeapSnapshot: true, takesScreenshot: true, unexpectedAlertBehaviour: , unhandledPromptBehavior: , version: 66.0.3359.139, webStorageEnabled: true}
Session ID: aedc0ad8bf81620db8b856b37b8b6a99
*** Element info: {Using=css selector, value=frame[name='mainpanel'],iframe[name='mainpanel']}
	at sun.reflect.NativeConstructorAccessorImpl.newInstance0(Native Method)
	at sun.reflect.NativeConstructorAccessorImpl.newInstance(Unknown Source)
	at sun.reflect.DelegatingConstructorAccessorImpl.newInstance(Unknown Source)
	at java.lang.reflect.Constructor.newInstance(Unknown Source)
	at org.openqa.selenium.remote.ErrorHandler.createThrowable(ErrorHandler.java:214)
	at org.openqa.selenium.remote.ErrorHandler.throwIfResponseFailed(ErrorHandler.java:166)
	at org.openqa.selenium.remote.http.JsonHttpResponseCodec.reconstructValue(JsonHttpResponseCodec.java:40)
	at org.openqa.selenium.remote.http.AbstractHttpResponseCodec.decode(AbstractHttpResponseCodec.java:80)
	at org.openqa.selenium.remote.http.AbstractHttpResponseCodec.decode(AbstractHttpResponseCodec.java:44)
	at org.openqa.selenium.remote.HttpCommandExecutor.execute(HttpCommandExecutor.java:158)
	at org.openqa.selenium.remote.service.DriverCommandExecutor.execute(DriverCommandExecutor.java:83)
	at org.openqa.selenium.remote.RemoteWebDriver.execute(RemoteWebDriver.java:545)
	at org.openqa.selenium.remote.RemoteWebDriver.findElements(RemoteWebDriver.java:346)
	at org.openqa.selenium.remote.RemoteWebDriver.findElementsByCssSelector(RemoteWebDriver.java:417)
	at org.openqa.selenium.By$ByCssSelector.findElements(By.java:441)
	at org.openqa.selenium.remote.RemoteWebDriver.findElements(RemoteWebDriver.java:307)
	at org.openqa.selenium.remote.RemoteWebDriver$RemoteTargetLocator.frame(RemoteWebDriver.java:877)
	at org.openqa.selenium.support.events.EventFiringWebDriver$EventFiringTargetLocator.frame(EventFiringWebDriver.java:623)
	at com.qa.freecrm.utility.TestUtil.switctomainframe(TestUtil.java:30)
	at com.qa.freecrm.testcases.ContactsPageTest.setUp(ContactsPageTest.java:35)
	at sun.reflect.NativeMethodAccessorImpl.invoke0(Native Method)
	at sun.reflect.NativeMethodAccessorImpl.invoke(Unknown Source)
	at sun.reflect.DelegatingMethodAccessorImpl.invoke(Unknown Source)
	at java.lang.reflect.Method.invoke(Unknown Source)
	at org.testng.internal.MethodInvocationHelper.invokeMethod(MethodInvocationHelper.java:80)
	at org.testng.internal.Invoker.invokeConfigurationMethod(Invoker.java:564)
	at org.testng.internal.Invoker.invokeConfigurations(Invoker.java:213)
	at org.testng.internal.Invoker.invokeMethod(Invoker.java:653)
	at org.testng.internal.Invoker.invokeTestMethod(Invoker.java:901)
	at org.testng.internal.Invoker.invokeTestMethods(Invoker.java:1231)
	at org.testng.internal.TestMethodWorker.invokeTestMethods(TestMethodWorker.java:127)
	at org.testng.internal.TestMethodWorker.run(TestMethodWorker.java:111)
	at org.testng.TestRunner.privateRun(TestRunner.java:767)
	at org.testng.TestRunner.run(TestRunner.java:617)
	at org.testng.SuiteRunner.runTest(SuiteRunner.java:334)
	at org.testng.SuiteRunner.runSequentially(SuiteRunner.java:329)
	at org.testng.SuiteRunner.privateRun(SuiteRunner.java:291)
	at org.testng.SuiteRunner.run(SuiteRunner.java:240)
	at org.testng.SuiteRunnerWorker.runSuite(SuiteRunnerWorker.java:52)
	at org.testng.SuiteRunnerWorker.run(SuiteRunnerWorker.java:86)
	at org.testng.TestNG.runSuitesSequentially(TestNG.java:1198)
	at org.testng.TestNG.runSuitesLocally(TestNG.java:1123)
	at org.testng.TestNG.run(TestNG.java:1031)
	at org.testng.remote.AbstractRemoteTestNG.run(AbstractRemoteTestNG.java:114)
	at org.testng.remote.RemoteTestNG.initAndRun(RemoteTestNG.java:251)
	at org.testng.remote.RemoteTestNG.main(RemoteTestNG.java:77)
]]>
            </full-stacktrace>
          </exception> <!-- org.openqa.selenium.WebDriverException -->
          <reporter-output>
          </reporter-output>
        </test-method> <!-- setUp -->
        <test-method status="SKIP" signature="selecthardcodedlecontactTest()[pri:0, instance:com.qa.freecrm.testcases.ContactsPageTest@6a4f787b]" name="selecthardcodedlecontactTest" duration-ms="0" started-at="2018-05-14T16:18:23Z" finished-at="2018-05-14T16:18:23Z">
          <reporter-output>
          </reporter-output>
        </test-method> <!-- selecthardcodedlecontactTest -->
        <test-method status="SKIP" signature="tearDown()[pri:0, instance:com.qa.freecrm.testcases.ContactsPageTest@6a4f787b]" name="tearDown" is-config="true" duration-ms="0" started-at="2018-05-14T16:18:23Z" finished-at="2018-05-14T16:18:23Z">
          <reporter-output>
          </reporter-output>
        </test-method> <!-- tearDown -->
        <test-method status="SKIP" signature="setUp()[pri:0, instance:com.qa.freecrm.testcases.ContactsPageTest@6a4f787b]" name="setUp" is-config="true" duration-ms="0" started-at="2018-05-14T16:18:23Z" finished-at="2018-05-14T16:18:23Z">
          <reporter-output>
          </reporter-output>
        </test-method> <!-- setUp -->
        <test-method status="SKIP" signature="selectdynamiclecontactTest()[pri:0, instance:com.qa.freecrm.testcases.ContactsPageTest@6a4f787b]" name="selectdynamiclecontactTest" duration-ms="0" started-at="2018-05-14T16:18:23Z" finished-at="2018-05-14T16:18:23Z">
          <reporter-output>
          </reporter-output>
        </test-method> <!-- selectdynamiclecontactTest -->
        <test-method status="SKIP" signature="tearDown()[pri:0, instance:com.qa.freecrm.testcases.ContactsPageTest@6a4f787b]" name="tearDown" is-config="true" duration-ms="0" started-at="2018-05-14T16:18:23Z" finished-at="2018-05-14T16:18:23Z">
          <reporter-output>
          </reporter-output>
        </test-method> <!-- tearDown -->
        <test-method status="SKIP" signature="setUp()[pri:0, instance:com.qa.freecrm.testcases.ContactsPageTest@6a4f787b]" name="setUp" is-config="true" duration-ms="0" started-at="2018-05-14T16:18:23Z" finished-at="2018-05-14T16:18:23Z">
          <reporter-output>
          </reporter-output>
        </test-method> <!-- setUp -->
        <test-method status="SKIP" signature="createNewContacthcTest()[pri:0, instance:com.qa.freecrm.testcases.ContactsPageTest@6a4f787b]" name="createNewContacthcTest" duration-ms="0" started-at="2018-05-14T16:18:23Z" finished-at="2018-05-14T16:18:23Z">
          <reporter-output>
          </reporter-output>
        </test-method> <!-- createNewContacthcTest -->
        <test-method status="SKIP" signature="createNewContactdynTest()[pri:0, instance:com.qa.freecrm.testcases.ContactsPageTest@6a4f787b]" name="createNewContactdynTest" duration-ms="0" started-at="2018-05-14T16:18:23Z" finished-at="2018-05-14T16:18:23Z">
          <reporter-output>
          </reporter-output>
        </test-method> <!-- createNewContactdynTest -->
        <test-method status="SKIP" signature="tearDown()[pri:0, instance:com.qa.freecrm.testcases.ContactsPageTest@6a4f787b]" name="tearDown" is-config="true" duration-ms="0" started-at="2018-05-14T16:18:23Z" finished-at="2018-05-14T16:18:23Z">
          <reporter-output>
          </reporter-output>
        </test-method> <!-- tearDown -->
        <test-method status="SKIP" signature="setUp()[pri:0, instance:com.qa.freecrm.testcases.ContactsPageTest@6a4f787b]" name="setUp" is-config="true" duration-ms="0" started-at="2018-05-14T16:18:23Z" finished-at="2018-05-14T16:18:23Z">
          <reporter-output>
          </reporter-output>
        </test-method> <!-- setUp -->
        <test-method status="SKIP" signature="tearDown()[pri:0, instance:com.qa.freecrm.testcases.ContactsPageTest@6a4f787b]" name="tearDown" is-config="true" duration-ms="0" started-at="2018-05-14T16:18:23Z" finished-at="2018-05-14T16:18:23Z">
          <reporter-output>
          </reporter-output>
        </test-method> <!-- tearDown -->
        <test-method status="SKIP" signature="setUp()[pri:0, instance:com.qa.freecrm.testcases.ContactsPageTest@6a4f787b]" name="setUp" is-config="true" duration-ms="0" started-at="2018-05-14T16:18:24Z" finished-at="2018-05-14T16:18:24Z">
          <reporter-output>
          </reporter-output>
        </test-method> <!-- setUp -->
        <test-method status="SKIP" signature="createContactsFromExcel(java.lang.String, java.lang.String, java.lang.String, java.lang.String, java.lang.String)[pri:0, instance:com.qa.freecrm.testcases.ContactsPageTest@6a4f787b]" name="createContactsFromExcel" duration-ms="0" started-at="2018-05-14T16:18:24Z" data-provider="getTestProjData" finished-at="2018-05-14T16:18:24Z">
          <params>
            <param index="0">
              <value>
                <![CDATA[Mr.]]>
              </value>
            </param>
            <param index="1">
              <value>
                <![CDATA[priyanka]]>
              </value>
            </param>
            <param index="2">
              <value>
                <![CDATA[rao]]>
              </value>
            </param>
            <param index="3">
              <value>
                <![CDATA[gh]]>
              </value>
            </param>
            <param index="4">
              <value>
                <![CDATA[III]]>
              </value>
            </param>
          </params>
          <reporter-output>
          </reporter-output>
        </test-method> <!-- createContactsFromExcel -->
        <test-method status="SKIP" signature="tearDown()[pri:0, instance:com.qa.freecrm.testcases.ContactsPageTest@6a4f787b]" name="tearDown" is-config="true" duration-ms="0" started-at="2018-05-14T16:18:24Z" finished-at="2018-05-14T16:18:24Z">
          <reporter-output>
          </reporter-output>
        </test-method> <!-- tearDown -->
        <test-method status="SKIP" signature="setUp()[pri:0, instance:com.qa.freecrm.testcases.ContactsPageTest@6a4f787b]" name="setUp" is-config="true" duration-ms="0" started-at="2018-05-14T16:18:24Z" finished-at="2018-05-14T16:18:24Z">
          <reporter-output>
          </reporter-output>
        </test-method> <!-- setUp -->
        <test-method status="SKIP" signature="createContactsFromExcel(java.lang.String, java.lang.String, java.lang.String, java.lang.String, java.lang.String)[pri:0, instance:com.qa.freecrm.testcases.ContactsPageTest@6a4f787b]" name="createContactsFromExcel" duration-ms="0" started-at="2018-05-14T16:18:24Z" data-provider="getTestProjData" finished-at="2018-05-14T16:18:24Z">
          <params>
            <param index="0">
              <value>
                <![CDATA[Ms.]]>
              </value>
            </param>
            <param index="1">
              <value>
                <![CDATA[Preethika]]>
              </value>
            </param>
            <param index="2">
              <value>
                <![CDATA[Khnaaa]]>
              </value>
            </param>
            <param index="3">
              <value>
                <![CDATA[hj]]>
              </value>
            </param>
            <param index="4">
              <value>
                <![CDATA[II]]>
              </value>
            </param>
          </params>
          <reporter-output>
          </reporter-output>
        </test-method> <!-- createContactsFromExcel -->
        <test-method status="SKIP" signature="tearDown()[pri:0, instance:com.qa.freecrm.testcases.ContactsPageTest@6a4f787b]" name="tearDown" is-config="true" duration-ms="0" started-at="2018-05-14T16:18:24Z" finished-at="2018-05-14T16:18:24Z">
          <reporter-output>
          </reporter-output>
        </test-method> <!-- tearDown -->
        <test-method status="SKIP" signature="createContactsFromExcel(java.lang.String, java.lang.String, java.lang.String, java.lang.String, java.lang.String)[pri:0, instance:com.qa.freecrm.testcases.ContactsPageTest@6a4f787b]" name="createContactsFromExcel" duration-ms="4" started-at="2018-05-14T16:18:24Z" data-provider="getTestProjData" finished-at="2018-05-14T16:18:24Z">
          <params>
            <param index="0">
              <value>
                <![CDATA[Mr.]]>
              </value>
            </param>
            <param index="1">
              <value>
                <![CDATA[Dhanraj]]>
              </value>
            </param>
            <param index="2">
              <value>
                <![CDATA[Rao]]>
              </value>
            </param>
            <param index="3">
              <value>
                <![CDATA[hhj]]>
              </value>
            </param>
            <param index="4">
              <value>
                <![CDATA[III]]>
              </value>
            </param>
          </params>
          <reporter-output>
          </reporter-output>
        </test-method> <!-- createContactsFromExcel -->
        <test-method status="SKIP" signature="setUp()[pri:0, instance:com.qa.freecrm.testcases.ContactsPageTest@6a4f787b]" name="setUp" is-config="true" duration-ms="0" started-at="2018-05-14T16:18:24Z" finished-at="2018-05-14T16:18:24Z">
          <reporter-output>
          </reporter-output>
        </test-method> <!-- setUp -->
        <test-method status="SKIP" signature="tearDown()[pri:0, instance:com.qa.freecrm.testcases.ContactsPageTest@6a4f787b]" name="tearDown" is-config="true" duration-ms="0" started-at="2018-05-14T16:18:24Z" finished-at="2018-05-14T16:18:24Z">
          <reporter-output>
          </reporter-output>
        </test-method> <!-- tearDown -->
      </class> <!-- com.qa.freecrm.testcases.ContactsPageTest -->
      <class name="com.qa.freecrm.testcases.HomePageTest">
        <test-method status="PASS" signature="setUp()[pri:0, instance:com.qa.freecrm.testcases.HomePageTest@604ed9f0]" name="setUp" is-config="true" duration-ms="92860" started-at="2018-05-14T15:55:00Z" finished-at="2018-05-14T15:56:33Z">
          <reporter-output>
          </reporter-output>
        </test-method> <!-- setUp -->
        <test-method status="PASS" signature="HomePageLogoTest()[pri:0, instance:com.qa.freecrm.testcases.HomePageTest@604ed9f0]" name="HomePageLogoTest" duration-ms="155" started-at="2018-05-14T15:56:33Z" finished-at="2018-05-14T15:56:33Z">
          <reporter-output>
          </reporter-output>
        </test-method> <!-- HomePageLogoTest -->
        <test-method status="PASS" signature="tearDown()[pri:0, instance:com.qa.freecrm.testcases.HomePageTest@604ed9f0]" name="tearDown" is-config="true" duration-ms="793" started-at="2018-05-14T15:56:33Z" finished-at="2018-05-14T15:56:34Z">
          <reporter-output>
          </reporter-output>
        </test-method> <!-- tearDown -->
        <test-method status="PASS" signature="setUp()[pri:0, instance:com.qa.freecrm.testcases.HomePageTest@604ed9f0]" name="setUp" is-config="true" duration-ms="13823" started-at="2018-05-14T15:56:34Z" finished-at="2018-05-14T15:56:48Z">
          <reporter-output>
          </reporter-output>
        </test-method> <!-- setUp -->
        <test-method status="PASS" signature="HomePageTitleTest()[pri:0, instance:com.qa.freecrm.testcases.HomePageTest@604ed9f0]" name="HomePageTitleTest" duration-ms="101" started-at="2018-05-14T15:56:48Z" finished-at="2018-05-14T15:56:48Z">
          <reporter-output>
          </reporter-output>
        </test-method> <!-- HomePageTitleTest -->
        <test-method status="PASS" signature="tearDown()[pri:0, instance:com.qa.freecrm.testcases.HomePageTest@604ed9f0]" name="tearDown" is-config="true" duration-ms="750" started-at="2018-05-14T15:56:48Z" finished-at="2018-05-14T15:56:49Z">
          <reporter-output>
          </reporter-output>
        </test-method> <!-- tearDown -->
        <test-method status="PASS" signature="setUp()[pri:0, instance:com.qa.freecrm.testcases.HomePageTest@604ed9f0]" name="setUp" is-config="true" duration-ms="84135" started-at="2018-05-14T15:56:49Z" finished-at="2018-05-14T15:58:13Z">
          <reporter-output>
          </reporter-output>
        </test-method> <!-- setUp -->
        <test-method status="PASS" signature="ContactsPageTest()[pri:0, instance:com.qa.freecrm.testcases.HomePageTest@604ed9f0]" name="ContactsPageTest" duration-ms="260" started-at="2018-05-14T15:58:13Z" finished-at="2018-05-14T15:58:13Z">
          <reporter-output>
          </reporter-output>
        </test-method> <!-- ContactsPageTest -->
        <test-method status="PASS" signature="tearDown()[pri:0, instance:com.qa.freecrm.testcases.HomePageTest@604ed9f0]" name="tearDown" is-config="true" duration-ms="780" started-at="2018-05-14T15:58:13Z" finished-at="2018-05-14T15:58:14Z">
          <reporter-output>
          </reporter-output>
        </test-method> <!-- tearDown -->
        <test-method status="PASS" signature="setUp()[pri:0, instance:com.qa.freecrm.testcases.HomePageTest@604ed9f0]" name="setUp" is-config="true" duration-ms="15160" started-at="2018-05-14T15:58:14Z" finished-at="2018-05-14T15:58:29Z">
          <reporter-output>
          </reporter-output>
        </test-method> <!-- setUp -->
        <test-method status="PASS" signature="NewContactsTest()[pri:0, instance:com.qa.freecrm.testcases.HomePageTest@604ed9f0]" name="NewContactsTest" duration-ms="7804" started-at="2018-05-14T15:58:29Z" finished-at="2018-05-14T15:58:37Z">
          <reporter-output>
          </reporter-output>
        </test-method> <!-- NewContactsTest -->
        <test-method status="PASS" signature="tearDown()[pri:0, instance:com.qa.freecrm.testcases.HomePageTest@604ed9f0]" name="tearDown" is-config="true" duration-ms="778" started-at="2018-05-14T15:58:37Z" finished-at="2018-05-14T15:58:38Z">
          <reporter-output>
          </reporter-output>
        </test-method> <!-- tearDown -->
        <test-method status="PASS" signature="setUp()[pri:0, instance:com.qa.freecrm.testcases.HomePageTest@604ed9f0]" name="setUp" is-config="true" duration-ms="16140" started-at="2018-05-14T15:58:38Z" finished-at="2018-05-14T15:58:54Z">
          <reporter-output>
          </reporter-output>
        </test-method> <!-- setUp -->
        <test-method status="PASS" signature="TaskPageclickTest()[pri:0, instance:com.qa.freecrm.testcases.HomePageTest@604ed9f0]" name="TaskPageclickTest" duration-ms="2310" started-at="2018-05-14T15:58:54Z" finished-at="2018-05-14T15:58:56Z">
          <reporter-output>
          </reporter-output>
        </test-method> <!-- TaskPageclickTest -->
        <test-method status="PASS" signature="tearDown()[pri:0, instance:com.qa.freecrm.testcases.HomePageTest@604ed9f0]" name="tearDown" is-config="true" duration-ms="742" started-at="2018-05-14T15:58:56Z" finished-at="2018-05-14T15:58:57Z">
          <reporter-output>
          </reporter-output>
        </test-method> <!-- tearDown -->
        <test-method status="PASS" signature="setUp()[pri:0, instance:com.qa.freecrm.testcases.HomePageTest@604ed9f0]" name="setUp" is-config="true" duration-ms="93437" started-at="2018-05-14T15:58:57Z" finished-at="2018-05-14T16:00:30Z">
          <reporter-output>
          </reporter-output>
        </test-method> <!-- setUp -->
        <test-method status="PASS" signature="NewTaskTest()[pri:0, instance:com.qa.freecrm.testcases.HomePageTest@604ed9f0]" name="NewTaskTest" duration-ms="4927" started-at="2018-05-14T16:00:30Z" finished-at="2018-05-14T16:00:35Z">
          <reporter-output>
          </reporter-output>
        </test-method> <!-- NewTaskTest -->
        <test-method status="PASS" signature="tearDown()[pri:0, instance:com.qa.freecrm.testcases.HomePageTest@604ed9f0]" name="tearDown" is-config="true" duration-ms="741" started-at="2018-05-14T16:00:35Z" finished-at="2018-05-14T16:00:36Z">
          <reporter-output>
          </reporter-output>
        </test-method> <!-- tearDown -->
      </class> <!-- com.qa.freecrm.testcases.HomePageTest -->
      <class name="com.qa.freecrm.testcases.LoginPageTest">
        <test-method status="PASS" signature="setUp()[pri:0, instance:com.qa.freecrm.testcases.LoginPageTest@ae45eb6]" name="setUp" is-config="true" duration-ms="9941" started-at="2018-05-14T15:54:23Z" finished-at="2018-05-14T15:54:33Z">
          <reporter-output>
          </reporter-output>
        </test-method> <!-- setUp -->
        <test-method status="PASS" signature="loginpagelogotest()[pri:0, instance:com.qa.freecrm.testcases.LoginPageTest@ae45eb6]" name="loginpagelogotest" duration-ms="116" started-at="2018-05-14T15:54:33Z" finished-at="2018-05-14T15:54:33Z">
          <reporter-output>
          </reporter-output>
        </test-method> <!-- loginpagelogotest -->
        <test-method status="PASS" signature="tearDown()[pri:0, instance:com.qa.freecrm.testcases.LoginPageTest@ae45eb6]" name="tearDown" is-config="true" duration-ms="772" started-at="2018-05-14T15:54:33Z" finished-at="2018-05-14T15:54:34Z">
          <reporter-output>
          </reporter-output>
        </test-method> <!-- tearDown -->
        <test-method status="PASS" signature="setUp()[pri:0, instance:com.qa.freecrm.testcases.LoginPageTest@ae45eb6]" name="setUp" is-config="true" duration-ms="8273" started-at="2018-05-14T15:54:34Z" finished-at="2018-05-14T15:54:42Z">
          <reporter-output>
          </reporter-output>
        </test-method> <!-- setUp -->
        <test-method status="PASS" signature="LoginPageTitleTest()[pri:0, instance:com.qa.freecrm.testcases.LoginPageTest@ae45eb6]" name="LoginPageTitleTest" duration-ms="44" started-at="2018-05-14T15:54:42Z" finished-at="2018-05-14T15:54:42Z">
          <reporter-output>
          </reporter-output>
        </test-method> <!-- LoginPageTitleTest -->
        <test-method status="PASS" signature="tearDown()[pri:0, instance:com.qa.freecrm.testcases.LoginPageTest@ae45eb6]" name="tearDown" is-config="true" duration-ms="785" started-at="2018-05-14T15:54:42Z" finished-at="2018-05-14T15:54:43Z">
          <reporter-output>
          </reporter-output>
        </test-method> <!-- tearDown -->
        <test-method status="PASS" signature="setUp()[pri:0, instance:com.qa.freecrm.testcases.LoginPageTest@ae45eb6]" name="setUp" is-config="true" duration-ms="10041" started-at="2018-05-14T15:54:43Z" finished-at="2018-05-14T15:54:53Z">
          <reporter-output>
          </reporter-output>
        </test-method> <!-- setUp -->
        <test-method status="PASS" signature="LoginPageLoginTest()[pri:0, instance:com.qa.freecrm.testcases.LoginPageTest@ae45eb6]" name="LoginPageLoginTest" duration-ms="6808" started-at="2018-05-14T15:54:53Z" finished-at="2018-05-14T15:54:59Z">
          <reporter-output>
          </reporter-output>
        </test-method> <!-- LoginPageLoginTest -->
        <test-method status="PASS" signature="tearDown()[pri:0, instance:com.qa.freecrm.testcases.LoginPageTest@ae45eb6]" name="tearDown" is-config="true" duration-ms="752" started-at="2018-05-14T15:54:59Z" finished-at="2018-05-14T15:55:00Z">
          <reporter-output>
          </reporter-output>
        </test-method> <!-- tearDown -->
      </class> <!-- com.qa.freecrm.testcases.LoginPageTest -->
    </test> <!-- Test -->
  </suite> <!-- Suite -->
</testng-results>
